0 info it worked if it ends with ok
1 verbose cli [ '/home/ubuntu/.nvm/v0.10.35/bin/node',
1 verbose cli   '/home/ubuntu/.nvm/v0.10.35/bin/npm',
1 verbose cli   'install',
1 verbose cli   'bootstrap-social' ]
2 info using npm@1.4.28
3 info using node@v0.10.35
4 warn package.json beatkali@1.0.2 No repository field.
5 warn package.json beatkali@1.0.2 No README data
6 verbose readDependencies using package.json deps
7 verbose cache add [ 'bootstrap-social', null ]
8 verbose cache add name=undefined spec="bootstrap-social" args=["bootstrap-social",null]
9 verbose parsed url { protocol: null,
9 verbose parsed url   slashes: null,
9 verbose parsed url   auth: null,
9 verbose parsed url   host: null,
9 verbose parsed url   port: null,
9 verbose parsed url   hostname: null,
9 verbose parsed url   hash: null,
9 verbose parsed url   search: null,
9 verbose parsed url   query: null,
9 verbose parsed url   pathname: 'bootstrap-social',
9 verbose parsed url   path: 'bootstrap-social',
9 verbose parsed url   href: 'bootstrap-social' }
10 silly lockFile 4eab5cba-bootstrap-social bootstrap-social
11 verbose lock bootstrap-social /home/ubuntu/.npm/4eab5cba-bootstrap-social.lock
12 silly lockFile 4eab5cba-bootstrap-social bootstrap-social
13 silly lockFile 4eab5cba-bootstrap-social bootstrap-social
14 verbose addNamed [ 'bootstrap-social', '' ]
15 verbose addNamed [ null, '*' ]
16 silly lockFile 5a26dd8d-bootstrap-social bootstrap-social@
17 verbose lock bootstrap-social@ /home/ubuntu/.npm/5a26dd8d-bootstrap-social.lock
18 silly addNameRange { name: 'bootstrap-social', range: '*', hasData: false }
19 verbose request where is /bootstrap-social
20 verbose request registry https://registry.npmjs.org/
21 verbose request id 7ad4c0781a445296
22 verbose url raw /bootstrap-social
23 verbose url resolving [ 'https://registry.npmjs.org/', './bootstrap-social' ]
24 verbose url resolved https://registry.npmjs.org/bootstrap-social
25 verbose request where is https://registry.npmjs.org/bootstrap-social
26 info trying registry request attempt 1 at 07:40:35
27 http GET https://registry.npmjs.org/bootstrap-social
28 http 404 https://registry.npmjs.org/bootstrap-social
29 verbose headers { date: 'Mon, 16 Mar 2015 07:40:35 GMT',
29 verbose headers   server: 'CouchDB/1.5.0 (Erlang OTP/R16B03)',
29 verbose headers   'content-type': 'application/json',
29 verbose headers   'cache-control': 'max-age=0',
29 verbose headers   'content-length': '52',
29 verbose headers   'accept-ranges': 'bytes',
29 verbose headers   via: '1.1 varnish',
29 verbose headers   age: '0',
29 verbose headers   'x-served-by': 'cache-lcy1133-LCY',
29 verbose headers   'x-cache': 'MISS',
29 verbose headers   'x-cache-hits': '0',
29 verbose headers   'x-timer': 'S1426491635.498380,VS0,VE344',
29 verbose headers   'keep-alive': 'timeout=10, max=50',
29 verbose headers   connection: 'Keep-Alive' }
30 silly registry.get cb [ 404,
30 silly registry.get   { date: 'Mon, 16 Mar 2015 07:40:35 GMT',
30 silly registry.get     server: 'CouchDB/1.5.0 (Erlang OTP/R16B03)',
30 silly registry.get     'content-type': 'application/json',
30 silly registry.get     'cache-control': 'max-age=0',
30 silly registry.get     'content-length': '52',
30 silly registry.get     'accept-ranges': 'bytes',
30 silly registry.get     via: '1.1 varnish',
30 silly registry.get     age: '0',
30 silly registry.get     'x-served-by': 'cache-lcy1133-LCY',
30 silly registry.get     'x-cache': 'MISS',
30 silly registry.get     'x-cache-hits': '0',
30 silly registry.get     'x-timer': 'S1426491635.498380,VS0,VE344',
30 silly registry.get     'keep-alive': 'timeout=10, max=50',
30 silly registry.get     connection: 'Keep-Alive' } ]
31 silly lockFile 5a26dd8d-bootstrap-social bootstrap-social@
32 silly lockFile 5a26dd8d-bootstrap-social bootstrap-social@
33 error 404 404 Not Found: bootstrap-social
33 error 404
33 error 404 'bootstrap-social' is not in the npm registry.
33 error 404 You should bug the author to publish it
33 error 404 It was specified as a dependency of 'beatkali'
33 error 404
33 error 404 Note that you can also install from a
33 error 404 tarball, folder, or http url, or git url.
34 error System Linux 3.14.13-c9
35 error command "/home/ubuntu/.nvm/v0.10.35/bin/node" "/home/ubuntu/.nvm/v0.10.35/bin/npm" "install" "bootstrap-social"
36 error cwd /home/ubuntu/workspace
37 error node -v v0.10.35
38 error npm -v 1.4.28
39 error code E404
40 verbose exit [ 1, true ]
